[debug] [2018-09-13T02:55:10.179Z] ----------------------------------------------------------------------
[debug] [2018-09-13T02:55:10.183Z] Command:       /home/yash/.nvm/versions/node/v10.10.0/bin/node /home/yash/.nvm/versions/node/v10.10.0/bin/firebase serve
[debug] [2018-09-13T02:55:10.183Z] CLI Version:   4.2.1
[debug] [2018-09-13T02:55:10.183Z] Platform:      linux
[debug] [2018-09-13T02:55:10.183Z] Node Version:  v10.10.0
[debug] [2018-09-13T02:55:10.184Z] Time:          Thu Sep 13 2018 08:25:10 GMT+0530 (India Standard Time)
[debug] [2018-09-13T02:55:10.184Z] ----------------------------------------------------------------------
[debug] 
[debug] [2018-09-13T02:55:10.196Z] > command requires scopes: ["email","openid","https://www.googleapis.com/auth/cloudplatformprojects.readonly","https://www.googleapis.com/auth/firebase","https://www.googleapis.com/auth/cloud-platform"]
[debug] [2018-09-13T02:55:10.197Z] > authorizing via signed-in user
[debug] [2018-09-13T02:55:10.199Z] > refreshing access token with scopes: ["email","https://www.googleapis.com/auth/cloud-platform","https://www.googleapis.com/auth/cloudplatformprojects.readonly","https://www.googleapis.com/auth/firebase","openid"]
[debug] [2018-09-13T02:55:10.200Z] >>> HTTP REQUEST POST https://www.googleapis.com/oauth2/v3/token  

[debug] [2018-09-13T02:55:10.449Z] <<< HTTP RESPONSE 200
[debug] [2018-09-13T02:55:10.522Z] >>> HTTP REQUEST GET https://admin.firebase.com/v1/projects/maker-toolbox-dev  
 
[debug] [2018-09-13T02:55:11.646Z] <<< HTTP RESPONSE 200
[debug] [2018-09-13T02:55:11.647Z] >>> HTTP REQUEST GET https://cloudresourcemanager.googleapis.com/v1/projects/maker-toolbox-dev  
 
[debug] [2018-09-13T02:55:13.433Z] <<< HTTP RESPONSE 200
[info] 
[info] === Serving from '/home/yash/projects/Maker-ToolBox-Website/toolbox'...
[info] 
[debug] [2018-09-13T02:55:13.436Z] >>> HTTP REQUEST GET https://mobilesdk-pa.googleapis.com/v1/projects/422309464789/clients/_:getWebAppConfig  
 
[debug] [2018-09-13T02:55:14.012Z] <<< HTTP RESPONSE 200
[info] i  hosting[maker-toolbox-dev]: Serving hosting files from: public
[info] ✔  hosting[maker-toolbox-dev]: Local server: http://localhost:5000
